  blk_prediction.c
  config_common.c
  img_io.c
  img_process.c
  input.c
  io_raw.c
  io_tiff.c
  mbuffer_common.c
  memalloc.c
  mv_prediction.c
  nalucommon.c
  parsetcommon.c
  resize.c
  transform.c
  win32.c
  annexb.c
  biariencode.c
  block.c
  cabac.c
  cconv_yuv2rgb.c
  Generating Code...
  Compiling...
  configfile.c
  conformance.c
  context_ini.c
  errdo.c
  errdo_dist_mhyp.c
  explicit_gop.c
  explicit_seq.c
  filehandle.c
  fmo.c
  get_block_otf.c
  header.c
  hme_distortion.c
  hme_luma.c
  image.c
  image_mp.c
  img_chroma.c
  img_dist_ms_ssim.c
  img_dist_snr.c
  img_dist_ssim.c
  img_distortion.c
  Generating Code...
  Compiling...
  img_luma.c
  intra16x16.c
  intra4x4.c
C:\Users\Truong\Desktop\CCpp\JM\lencod\src\intra4x4.c(691,22): warning C4244: 'return': conversion from 'distblk' to 'int', possible loss of data
  intra8x8.c
  intra_chroma.c
  intrarefresh.c
  lambda.c
  leaky_bucket.c
  lencod.c
  list_reorder.c
  lln_mc_prediction.c
  loopFilter.c
  loop_filter_mbaff.c
  loop_filter_normal.c
  macroblock.c
  macroblock_P444.c
  mb_access.c
  mbuffer.c
  mc_prediction.c
  mc_prediction_otf.c
  Generating Code...
  Compiling...
  md_common.c
  md_distortion.c
  md_high.c
  md_high_updated.c
  md_highfast.c
  md_highloss.c
  md_low.c
  me_distortion.c
  me_distortion_otf.c
  me_epzs.c
  me_epzs_common.c
  me_epzs_int.c
  me_epzs_sub.c
  me_fullfast.c
  me_fullfast_otf.c
  me_fullsearch.c
  me_hme.c
  me_umhex.c
  me_umhexsmp.c
  mmco.c
  Generating Code...
  Compiling...
  mode_decision.c
C:\Users\Truong\Desktop\CCpp\JM\lencod\src\mode_decision.c(463,31): warning C4098: 'compute_mode_RD_cost': 'void' function returning a value
  mode_decision_P8x8.c
  mv_direct.c
  mv_search.c
  nal.c
  nalu.c
  output.c
  parset.c
  pred_struct.c
  q_around.c
  q_matrix.c
  q_offsets.c
  quant4x4.c
  quant4x4_2step.c
  quant4x4_around.c
  quant4x4_normal.c
  quant4x4_trellis.c
  quant8x8.c
  quant8x8_around.c
  quant8x8_normal.c
  Generating Code...
  Compiling...
  quant8x8_trellis.c
  quantChroma.c
  quantChroma_2step.c
  quantChroma_around.c
  quantChroma_normal.c
  quantChroma_trellis.c
  ratectl.c
  rc_quadratic.c
  rd_intra_jm.c
C:\Users\Truong\Desktop\CCpp\JM\lencod\src\rd_intra_jm.c(65,19): warning C4013: 'i2' undefined; assuming extern returning int
C:\Users\Truong\Desktop\CCpp\JM\lencod\src\rd_intra_jm.c(284,54): warning C4554: '|': check operator precedence for possible error; use parentheses to clarify precedence
  rd_intra_jm444.c
  rd_intra_jm_low.c
  rdopt.c
  rdopt_coding_state.c
  rdoq.c
  rdoq_cabac.c
  rdoq_cavlc.c
  rdpicdecision.c
  report.c
  rtp.c
  sei.c
  Generating Code...
  Compiling...
  slice.c
  symbol.c
  transform8x8.c
  transform8x8_H444.c
  vlc.c
  weighted_prediction.c
  wp_lms.c
  wp_mciter.c
  wp_mcprec.c
  wp_periodic.c
  wp_random.c
  Generating Code...
  lencod_vc11.vcxproj -> C:\Users\Truong\Desktop\CCpp\JM\bin\lencod.exe
